============================= test session starts =============================
platform win32 -- Python 3.10.11, pytest-9.0.2, pluggy-1.6.0
rootdir: C:\Users\Pradeep\OneDrive\Documents\Code\Github\ContextFlow
configfile: pyproject.toml
plugins: anyio-4.12.1
collected 2 items / 2 errors

=================================== ERRORS ====================================
________________________ ERROR collecting test_core.py ________________________
ImportError while importing test module 'C:\Users\Pradeep\OneDrive\Documents\Code\Github\ContextFlow\test_core.py'.
Hint: make sure your test modules/packages have valid Python names.
Traceback:
..\..\..\..\..\AppData\Local\Programs\Python\Python310\lib\importlib\__init__.py:126: in import_module
    return _bootstrap._gcd_import(name[level:], package, level)
test_core.py:3: in <module>
    from contextflow.budget import TokenBudget
contextflow\__init__.py:12: in <module>
    from .cache import NativeCache
contextflow\cache\__init__.py:1: in <module>
    from .store import NativeCache
contextflow\cache\store.py:4: in <module>
    from .. import __version__ as ENGINE_VERSION
E   ImportError: cannot import name '__version__' from partially initialized module 'contextflow' (most likely due to a circular import) (C:\Users\Pradeep\OneDrive\Documents\Code\Github\ContextFlow\contextflow\__init__.py)
______________________ ERROR collecting test_registry.py ______________________
ImportError while importing test module 'C:\Users\Pradeep\OneDrive\Documents\Code\Github\ContextFlow\test_registry.py'.
Hint: make sure your test modules/packages have valid Python names.
Traceback:
..\..\..\..\..\AppData\Local\Programs\Python\Python310\lib\importlib\__init__.py:126: in import_module
    return _bootstrap._gcd_import(name[level:], package, level)
test_registry.py:7: in <module>
    from contextflow.ranking import scorer_registry, TimeDecayScorer
contextflow\__init__.py:12: in <module>
    from .cache import NativeCache
contextflow\cache\__init__.py:1: in <module>
    from .store import NativeCache
contextflow\cache\store.py:4: in <module>
    from .. import __version__ as ENGINE_VERSION
E   ImportError: cannot import name '__version__' from partially initialized module 'contextflow' (most likely due to a circular import) (C:\Users\Pradeep\OneDrive\Documents\Code\Github\ContextFlow\contextflow\__init__.py)
=========================== short test summary info ===========================
ERROR test_core.py
ERROR test_registry.py
!!!!!!!!!!!!!!!!!!! Interrupted: 2 errors during collection !!!!!!!!!!!!!!!!!!!
============================== 2 errors in 0.72s ==============================
